Using pre-set license
Built from '2020.3/release' branch; Version is '2020.3.49f1 (18249dd5551b) revision 1582237'; Using compiler version '192528614'; Build Type 'Release'
OS: 'Windows 11  (10.0.26200) 64bit Professional' Language: 'en' Physical Memory: 65320 MB
BatchMode: 1, IsHumanControllingUs: 0, StartBugReporterOnCrash: 0, Is64bit: 1, IsPro: 0

COMMAND LINE ARGUMENTS:
C:\Program Files\Unity\Hub\Editor\2020.3.49f1\Editor\Unity.exe
-adb2
-batchMode
-noUpm
-name
AssetImportWorker0
-projectPath
C:/UnityFighter/Dog
-logFile
Logs/AssetImportWorker0.log
-srvPort
57373
Successfully changed project path to: C:/UnityFighter/Dog
C:/UnityFighter/Dog
Using Asset Import Pipeline V2.
Player connection [25744] Host "[IP] 192.168.0.253 [Port] 3221442976 [Flags] 2 [Guid] 1169037112 [EditorId] 1169037112 [Version] 1048832 [Id] WindowsEditor(7,SarmadPC) [Debug] 1 [PackageName] WindowsEditor [ProjectName] Editor" joined multi-casting on [225.0.0.222:54997]...

Player connection [25744] Host "[IP] 192.168.0.253 [Port] 3221442976 [Flags] 2 [Guid] 1169037112 [EditorId] 1169037112 [Version] 1048832 [Id] WindowsEditor(7,SarmadPC) [Debug] 1 [PackageName] WindowsEditor [ProjectName] Editor" joined alternative multi-casting on [225.0.0.222:34997]...

Refreshing native plugins compatible for Editor in 21.64 ms, found 2 plugins.
Preloading 0 native plugins for Editor in 0.00 ms.
Initialize engine version: 2020.3.49f1 (18249dd5551b)
[Subsystems] Discovering subsystems at path C:/Program Files/Unity/Hub/Editor/2020.3.49f1/Editor/Data/Resources/UnitySubsystems
[Subsystems] Discovering subsystems at path C:/UnityFighter/Dog/Assets
GfxDevice: creating device client; threaded=0
Direct3D:
    Version:  Direct3D 11.0 [level 11.1]
    Renderer: NVIDIA GeForce RTX 3060 (ID=0x2504)
    Vendor:   
    VRAM:     12113 MB
    Driver:   32.0.16.1047
Initialize mono
Mono path[0] = 'C:/Program Files/Unity/Hub/Editor/2020.3.49f1/Editor/Data/Managed'
Mono path[1] = 'C:/Program Files/Unity/Hub/Editor/2020.3.49f1/Editor/Data/MonoBleedingEdge/lib/mono/unityjit'
Mono config path = 'C:/Program Files/Unity/Hub/Editor/2020.3.49f1/Editor/Data/MonoBleedingEdge/etc'
Using monoOptions --debugger-agent=transport=dt_socket,embedding=1,server=y,suspend=n,address=127.0.0.1:56632
Begin MonoManager ReloadAssembly
Registering precompiled unity dll's ...
Register platform support module: C:/Program Files/Unity/Hub/Editor/2020.3.49f1/Editor/Data/PlaybackEngines/WindowsStandaloneSupport/UnityEditor.WindowsStandalone.Extensions.dll
Registered in 0.001450 seconds.
Native extension for WindowsStandalone target not found
Refreshing native plugins compatible for Editor in 21.21 ms, found 2 plugins.
Preloading 0 native plugins for Editor in 0.00 ms.
Mono: successfully reloaded assembly
- Completed reload, in  0.448 seconds
Domain Reload Profiling:
	ReloadAssembly (448ms)
		BeginReloadAssembly (54ms)
			ExecutionOrderSort (0ms)
			DisableScriptedObjects (0ms)
			BackupInstance (0ms)
			ReleaseScriptingObjects (0ms)
			CreateAndSetChildDomain (1ms)
		EndReloadAssembly (335ms)
			LoadAssemblies (52ms)
			RebuildTransferFunctionScriptingTraits (0ms)
			SetupTypeCache (110ms)
			ReleaseScriptCaches (0ms)
			RebuildScriptCaches (21ms)
			SetupLoadedEditorAssemblies (122ms)
				LogAssemblyErrors (0ms)
				InitializePlatformSupportModulesInManaged (4ms)
				SetLoadedEditorAssemblies (0ms)
				RefreshPlugins (21ms)
				BeforeProcessingInitializeOnLoad (14ms)
				ProcessInitializeOnLoadAttributes (62ms)
				ProcessInitializeOnLoadMethodAttributes (21ms)
				AfterProcessingInitializeOnLoad (0ms)
				EditorAssembliesLoaded (0ms)
			ExecutionOrderSort2 (0ms)
			AwakeInstancesAfterBackupRestoration (0ms)
Platform modules already initialized, skipping
Registering precompiled user dll's ...
Registered in 0.002198 seconds.
Begin MonoManager ReloadAssembly
Native extension for WindowsStandalone target not found
Refreshing native plugins compatible for Editor in 0.21 ms, found 2 plugins.
Preloading 0 native plugins for Editor in 0.00 ms.
Mono: successfully reloaded assembly
- Completed reload, in  0.742 seconds
Domain Reload Profiling:
	ReloadAssembly (743ms)
		BeginReloadAssembly (106ms)
			ExecutionOrderSort (0ms)
			DisableScriptedObjects (3ms)
			BackupInstance (0ms)
			ReleaseScriptingObjects (0ms)
			CreateAndSetChildDomain (13ms)
		EndReloadAssembly (588ms)
			LoadAssemblies (76ms)
			RebuildTransferFunctionScriptingTraits (0ms)
			SetupTypeCache (196ms)
			ReleaseScriptCaches (0ms)
			RebuildScriptCaches (29ms)
			SetupLoadedEditorAssemblies (238ms)
				LogAssemblyErrors (0ms)
				InitializePlatformSupportModulesInManaged (4ms)
				SetLoadedEditorAssemblies (0ms)
				RefreshPlugins (0ms)
				BeforeProcessingInitializeOnLoad (59ms)
				ProcessInitializeOnLoadAttributes (162ms)
				ProcessInitializeOnLoadMethodAttributes (7ms)
				AfterProcessingInitializeOnLoad (5ms)
				EditorAssembliesLoaded (0ms)
			ExecutionOrderSort2 (0ms)
			AwakeInstancesAfterBackupRestoration (2ms)
Platform modules already initialized, skipping
========================================================================
Worker process is ready to serve import requests
Launched and connected shader compiler UnityShaderCompiler.exe after 0.03 seconds
Refreshing native plugins compatible for Editor in 0.21 ms, found 2 plugins.
Preloading 0 native plugins for Editor in 0.00 ms.
Unloading 1319 Unused Serialized files (Serialized files now loaded: 0)
System memory in use before: 75.9 MB.
System memory in use after: 76.0 MB.

Unloading 16 unused Assets to reduce memory usage. Loaded Objects now: 1774.
Total: 2.018100 ms (FindLiveObjects: 0.076000 ms CreateObjectMapping: 0.024900 ms MarkObjects: 1.857800 ms  DeleteObjects: 0.058600 ms)

AssetImportParameters requested are different than current active one (requested -> active):
  custom:framework-win-MediaFoundation: 216162199b28c13a410421893ffa2e32 -> 
  custom:video-decoder-ogg-theora: a1e56fd34408186e4bbccfd4996cb3dc -> 
  custom:container-muxer-webm: aa71ff27fc2769a1b78a27578f13a17b -> 
  custom:container-demuxer-webm: 4f35f7cbe854078d1ac9338744f61a02 -> 
  custom:container-demuxer-ogg: 62fdf1f143b41e24485cea50d1cbac27 -> 
  custom:video-encoder-webm-vp8: eb34c28f22e8b96e1ab97ce403110664 -> 
  custom:video-decoder-webm-vp8: 9c59270c3fd7afecdb556c50c9e8de78 -> 
  custom:audio-decoder-ogg-vorbis: bf7c407c2cedff20999df2af8eb42d56 -> 
  custom:audio-encoder-webm-vorbis: bf7c407c2cedff20999df2af8eb42d56 -> 
========================================================================
Received Import Request.
  path: Assets/Dog.fbx
  artifactKey: Guid(01fad5cc8f4afa444af588c31294e256) Importer(815301076,1909f56bfc062723c751e8b465ee728b)
Start importing Assets/Dog.fbx using Guid(01fad5cc8f4afa444af588c31294e256) Importer(815301076,1909f56bfc062723c751e8b465ee728b)  -> (artifact id: '414a986a2626fb839c56e14b65a62977') in 0.116083 seconds 
========================================================================
Received Import Request.
  Time since last request: 187.172232 seconds.
  path: Assets/textures
  artifactKey: Guid(b28007da2353a3b45927ae656d08afda) Importer(815301076,1909f56bfc062723c751e8b465ee728b)
Start importing Assets/textures using Guid(b28007da2353a3b45927ae656d08afda) Importer(815301076,1909f56bfc062723c751e8b465ee728b)  -> (artifact id: '4477555a262a7871d466556c508912b5') in 0.010065 seconds 
========================================================================
Received Import Request.
  Time since last request: 10.839583 seconds.
  path: Assets/SPOT_MINItest.fbx
  artifactKey: Guid(9f65074993b3b6948a69851db889b103) Importer(815301076,1909f56bfc062723c751e8b465ee728b)
Start importing Assets/SPOT_MINItest.fbx using Guid(9f65074993b3b6948a69851db889b103) Importer(815301076,1909f56bfc062723c751e8b465ee728b)  -> (artifact id: 'eb0c9dd9e72c6069430bee45209d3871') in 0.053710 seconds 
========================================================================
Received Import Request.
  Time since last request: 8.264478 seconds.
  path: Assets/source
  artifactKey: Guid(e0ccfa9fa402dca4fbbbeb005b77df18) Importer(815301076,1909f56bfc062723c751e8b465ee728b)
Start importing Assets/source using Guid(e0ccfa9fa402dca4fbbbeb005b77df18) Importer(815301076,1909f56bfc062723c751e8b465ee728b)  -> (artifact id: '3b50cff6c3dd56ed69968f18b819b28a') in 0.010084 seconds 
========================================================================
Received Import Request.
  Time since last request: 43.869697 seconds.
  path: Assets/source/SPOT_MINItest.fbx
  artifactKey: Guid(9b683e4f86356be4abbaa7c95ee155c7) Importer(815301076,1909f56bfc062723c751e8b465ee728b)
Start importing Assets/source/SPOT_MINItest.fbx using Guid(9b683e4f86356be4abbaa7c95ee155c7) Importer(815301076,1909f56bfc062723c751e8b465ee728b)  -> (artifact id: 'b94d9d8be26baa02827622e04bc4d75d') in 0.026279 seconds 
========================================================================
Received Import Request.
  Time since last request: 16.062322 seconds.
  path: Assets/textures/Spot_mini_texture.png
  artifactKey: Guid(2a64fd0d91fb7cf41bdeed66bbe22e11) Importer(815301076,1909f56bfc062723c751e8b465ee728b)
Start importing Assets/textures/Spot_mini_texture.png using Guid(2a64fd0d91fb7cf41bdeed66bbe22e11) Importer(815301076,1909f56bfc062723c751e8b465ee728b)  -> (artifact id: 'f1945f6f01a75e6f88a60e3eb1d9be73') in 0.086863 seconds 
========================================================================
Received Prepare
Registering precompiled user dll's ...
Registered in 0.002203 seconds.
Begin MonoManager ReloadAssembly
Native extension for WindowsStandalone target not found
Refreshing native plugins compatible for Editor in 0.21 ms, found 2 plugins.
Preloading 0 native plugins for Editor in 0.00 ms.
Mono: successfully reloaded assembly
- Completed reload, in  0.693 seconds
Domain Reload Profiling:
	ReloadAssembly (693ms)
		BeginReloadAssembly (92ms)
			ExecutionOrderSort (0ms)
			DisableScriptedObjects (2ms)
			BackupInstance (0ms)
			ReleaseScriptingObjects (0ms)
			CreateAndSetChildDomain (23ms)
		EndReloadAssembly (552ms)
			LoadAssemblies (76ms)
			RebuildTransferFunctionScriptingTraits (0ms)
			SetupTypeCache (191ms)
			ReleaseScriptCaches (1ms)
			RebuildScriptCaches (25ms)
			SetupLoadedEditorAssemblies (214ms)
				LogAssemblyErrors (0ms)
				InitializePlatformSupportModulesInManaged (4ms)
				SetLoadedEditorAssemblies (0ms)
				RefreshPlugins (0ms)
				BeforeProcessingInitializeOnLoad (54ms)
				ProcessInitializeOnLoadAttributes (144ms)
				ProcessInitializeOnLoadMethodAttributes (6ms)
				AfterProcessingInitializeOnLoad (5ms)
				EditorAssembliesLoaded (0ms)
			ExecutionOrderSort2 (0ms)
			AwakeInstancesAfterBackupRestoration (1ms)
Platform modules already initialized, skipping
Refreshing native plugins compatible for Editor in 0.21 ms, found 2 plugins.
Preloading 0 native plugins for Editor in 0.00 ms.
Unloading 1312 Unused Serialized files (Serialized files now loaded: 0)
System memory in use before: 92.6 MB.
System memory in use after: 92.7 MB.

Unloading 12 unused Assets to reduce memory usage. Loaded Objects now: 1823.
Total: 1.973100 ms (FindLiveObjects: 0.083500 ms CreateObjectMapping: 0.024800 ms MarkObjects: 1.841600 ms  DeleteObjects: 0.022300 ms)

AssetImportParameters requested are different than current active one (requested -> active):
  custom:framework-win-MediaFoundation: 216162199b28c13a410421893ffa2e32 -> 
  custom:video-decoder-ogg-theora: a1e56fd34408186e4bbccfd4996cb3dc -> 
  custom:container-muxer-webm: aa71ff27fc2769a1b78a27578f13a17b -> 
  custom:container-demuxer-webm: 4f35f7cbe854078d1ac9338744f61a02 -> 
  custom:container-demuxer-ogg: 62fdf1f143b41e24485cea50d1cbac27 -> 
  custom:video-encoder-webm-vp8: eb34c28f22e8b96e1ab97ce403110664 -> 
  custom:video-decoder-webm-vp8: 9c59270c3fd7afecdb556c50c9e8de78 -> 
  custom:audio-decoder-ogg-vorbis: bf7c407c2cedff20999df2af8eb42d56 -> 
  custom:audio-encoder-webm-vorbis: bf7c407c2cedff20999df2af8eb42d56 -> 
========================================================================
Received Import Request.
  Time since last request: 48.481774 seconds.
  path: Assets/source/Dog.fbx
  artifactKey: Guid(01fad5cc8f4afa444af588c31294e256) Importer(815301076,1909f56bfc062723c751e8b465ee728b)
Start importing Assets/source/Dog.fbx using Guid(01fad5cc8f4afa444af588c31294e256) Importer(815301076,1909f56bfc062723c751e8b465ee728b)  -> (artifact id: '2e35319aa6cbaa97080eecf7215d402f') in 0.081216 seconds 
========================================================================
Received Import Request.
  Time since last request: 674.183392 seconds.
  path: Assets/Dog/source/Dog.fbx
  artifactKey: Guid(01fad5cc8f4afa444af588c31294e256) Importer(815301076,1909f56bfc062723c751e8b465ee728b)
Start importing Assets/Dog/source/Dog.fbx using Guid(01fad5cc8f4afa444af588c31294e256) Importer(815301076,1909f56bfc062723c751e8b465ee728b)  -> (artifact id: '7bda5ef50b7ff214e6bd60f721201548') in 0.020870 seconds 
AssetImportWorkerClient::OnTransportError - code=2 error=End of file
